This is pdfTeX, Version 3.14159265-2.6-1.40.18 (TeX Live 2017/Debian) (preloaded format=pdflatex 2017.12.14)  16 DEC 2017 12:15
entering extended mode
 restricted \write18 enabled.
 file:line:error style messages enabled.
 %&-line parsing enabled.
**/home/jakob/Git/Deeplearning-DTU/conference-paper/main.tex
(/home/jakob/Git/Deeplearning-DTU/conference-paper/main.tex
LaTeX2e <2017-04-15>
Babel <3.12> and hyphenation patterns for 84 language(s) loaded.
(/usr/share/texlive/texmf-dist/tex/latex/base/article.cls
Document Class: article 2014/09/29 v1.4h Standard LaTeX document class
(/usr/share/texlive/texmf-dist/tex/latex/base/size10.clo
File: size10.clo 2014/09/29 v1.4h Standard LaTeX file (size option)
)
\c@part=\count79
\c@section=\count80
\c@subsection=\count81
\c@subsubsection=\count82
\c@paragraph=\count83
\c@subparagraph=\count84
\c@figure=\count85
\c@table=\count86
\abovecaptionskip=\skip41
\belowcaptionskip=\skip42
\bibindent=\dimen102
)
(/usr/share/texlive/texmf-dist/tex/latex/amsmath/amsmath.sty
Package: amsmath 2016/11/05 v2.16a AMS math features
\@mathmargin=\skip43

For additional information on amsmath, use the `?' option.
(/usr/share/texlive/texmf-dist/tex/latex/amsmath/amstext.sty
Package: amstext 2000/06/29 v2.01 AMS text

(/usr/share/texlive/texmf-dist/tex/latex/amsmath/amsgen.sty
File: amsgen.sty 1999/11/30 v2.0 generic functions
\@emptytoks=\toks14
\ex@=\dimen103
))
(/usr/share/texlive/texmf-dist/tex/latex/amsmath/amsbsy.sty
Package: amsbsy 1999/11/29 v1.2d Bold Symbols
\pmbraise@=\dimen104
)
(/usr/share/texlive/texmf-dist/tex/latex/amsmath/amsopn.sty
Package: amsopn 2016/03/08 v2.02 operator names
)
\inf@bad=\count87
LaTeX Info: Redefining \frac on input line 213.
\uproot@=\count88
\leftroot@=\count89
LaTeX Info: Redefining \overline on input line 375.
\classnum@=\count90
\DOTSCASE@=\count91
LaTeX Info: Redefining \ldots on input line 472.
LaTeX Info: Redefining \dots on input line 475.
LaTeX Info: Redefining \cdots on input line 596.
\Mathstrutbox@=\box26
\strutbox@=\box27
\big@size=\dimen105
LaTeX Font Info:    Redeclaring font encoding OML on input line 712.
LaTeX Font Info:    Redeclaring font encoding OMS on input line 713.
\macc@depth=\count92
\c@MaxMatrixCols=\count93
\dotsspace@=\muskip10
\c@parentequation=\count94
\dspbrk@lvl=\count95
\tag@help=\toks15
\row@=\count96
\column@=\count97
\maxfields@=\count98
\andhelp@=\toks16
\eqnshift@=\dimen106
\alignsep@=\dimen107
\tagshift@=\dimen108
\tagwidth@=\dimen109
\totwidth@=\dimen110
\lineht@=\dimen111
\@envbody=\toks17
\multlinegap=\skip44
\multlinetaggap=\skip45
\mathdisplay@stack=\toks18
LaTeX Info: Redefining \[ on input line 2817.
LaTeX Info: Redefining \] on input line 2818.
)
(/usr/share/texlive/texmf-dist/tex/latex/graphics/graphicx.sty
Package: graphicx 2017/06/01 v1.1a Enhanced LaTeX Graphics (DPC,SPQR)

(/usr/share/texlive/texmf-dist/tex/latex/graphics/keyval.sty
Package: keyval 2014/10/28 v1.15 key=value parser (DPC)
\KV@toks@=\toks19
)
(/usr/share/texlive/texmf-dist/tex/latex/graphics/graphics.sty
Package: graphics 2017/06/25 v1.2c Standard LaTeX Graphics (DPC,SPQR)

(/usr/share/texlive/texmf-dist/tex/latex/graphics/trig.sty
Package: trig 2016/01/03 v1.10 sin cos tan (DPC)
)
(/usr/share/texlive/texmf-dist/tex/latex/graphics-cfg/graphics.cfg
File: graphics.cfg 2016/06/04 v1.11 sample graphics configuration
)
Package graphics Info: Driver file: pdftex.def on input line 99.

(/usr/share/texlive/texmf-dist/tex/latex/graphics-def/pdftex.def
File: pdftex.def 2017/06/24 v1.0g Graphics/color driver for pdftex
))
\Gin@req@height=\dimen112
\Gin@req@width=\dimen113
)
(./02460.sty) (./main.aux)
\openout1 = `main.aux'.

LaTeX Font Info:    Checking defaults for OML/cmm/m/it on input line 46.
LaTeX Font Info:    ... okay on input line 46.
LaTeX Font Info:    Checking defaults for T1/cmr/m/n on input line 46.
LaTeX Font Info:    ... okay on input line 46.
LaTeX Font Info:    Checking defaults for OT1/cmr/m/n on input line 46.
LaTeX Font Info:    ... okay on input line 46.
LaTeX Font Info:    Checking defaults for OMS/cmsy/m/n on input line 46.
LaTeX Font Info:    ... okay on input line 46.
LaTeX Font Info:    Checking defaults for OMX/cmex/m/n on input line 46.
LaTeX Font Info:    ... okay on input line 46.
LaTeX Font Info:    Checking defaults for U/cmr/m/n on input line 46.
LaTeX Font Info:    ... okay on input line 46.
LaTeX Font Info:    Try loading font information for OT1+ptm on input line 46.

(/usr/share/texlive/texmf-dist/tex/latex/psnfss/ot1ptm.fd
File: ot1ptm.fd 2001/06/04 font definitions for OT1/ptm.
)
(/usr/share/texlive/texmf-dist/tex/context/base/mkii/supp-pdf.mkii
[Loading MPS to PDF converter (version 2006.09.02).]
\scratchcounter=\count99
\scratchdimen=\dimen114
\scratchbox=\box28
\nofMPsegments=\count100
\nofMParguments=\count101
\everyMPshowfont=\toks20
\MPscratchCnt=\count102
\MPscratchDim=\dimen115
\MPnumerator=\count103
\makeMPintoPDFobject=\count104
\everyMPtoPDFconversion=\toks21
) (/usr/share/texlive/texmf-dist/tex/latex/oberdiek/epstopdf-base.sty
Package: epstopdf-base 2016/05/15 v2.6 Base part for package epstopdf

(/usr/share/texlive/texmf-dist/tex/generic/oberdiek/infwarerr.sty
Package: infwarerr 2016/05/16 v1.4 Providing info/warning/error messages (HO)
)
(/usr/share/texlive/texmf-dist/tex/latex/oberdiek/grfext.sty
Package: grfext 2016/05/16 v1.2 Manage graphics extensions (HO)

(/usr/share/texlive/texmf-dist/tex/generic/oberdiek/kvdefinekeys.sty
Package: kvdefinekeys 2016/05/16 v1.4 Define keys (HO)

(/usr/share/texlive/texmf-dist/tex/generic/oberdiek/ltxcmds.sty
Package: ltxcmds 2016/05/16 v1.23 LaTeX kernel commands for general use (HO)
)))
(/usr/share/texlive/texmf-dist/tex/latex/oberdiek/kvoptions.sty
Package: kvoptions 2016/05/16 v3.12 Key value format for package options (HO)

(/usr/share/texlive/texmf-dist/tex/generic/oberdiek/kvsetkeys.sty
Package: kvsetkeys 2016/05/16 v1.17 Key value parser (HO)

(/usr/share/texlive/texmf-dist/tex/generic/oberdiek/etexcmds.sty
Package: etexcmds 2016/05/16 v1.6 Avoid name clashes with e-TeX commands (HO)

(/usr/share/texlive/texmf-dist/tex/generic/oberdiek/ifluatex.sty
Package: ifluatex 2016/05/16 v1.4 Provides the ifluatex switch (HO)
Package ifluatex Info: LuaTeX not detected.
)
Package etexcmds Info: Could not find \expanded.
(etexcmds)             That can mean that you are not using pdfTeX 1.50 or
(etexcmds)             that some package has redefined \expanded.
(etexcmds)             In the latter case, load this package earlier.
)))
(/usr/share/texlive/texmf-dist/tex/generic/oberdiek/pdftexcmds.sty
Package: pdftexcmds 2017/03/19 v0.25 Utility functions of pdfTeX for LuaTeX (HO
)

(/usr/share/texlive/texmf-dist/tex/generic/oberdiek/ifpdf.sty
Package: ifpdf 2017/03/15 v3.2 Provides the ifpdf switch
)
Package pdftexcmds Info: LuaTeX not detected.
Package pdftexcmds Info: \pdf@primitive is available.
Package pdftexcmds Info: \pdf@ifprimitive is available.
Package pdftexcmds Info: \pdfdraftmode found.
)
Package epstopdf-base Info: Redefining graphics rule for `.eps' on input line 4
38.
Package grfext Info: Graphics extension search list:
(grfext)             [.pdf,.png,.jpg,.mps,.jpeg,.jbig2,.jb2,.PDF,.PNG,.JPG,.JPE
G,.JBIG2,.JB2,.eps]
(grfext)             \AppendGraphicsExtensions on input line 456.

(/usr/share/texlive/texmf-dist/tex/latex/latexconfig/epstopdf-sys.cfg
File: epstopdf-sys.cfg 2010/07/13 v1.3 Configuration of (r)epstopdf for TeX Liv
e
))
LaTeX Font Info:    Font shape `OT1/ptm/bx/n' in size <12> not available
(Font)              Font shape `OT1/ptm/b/n' tried instead on input line 50.
Missing character: There is no Ã in font ptmri7t!
Missing character: There is no ¸ in font ptmri7t!
LaTeX Font Info:    Font shape `OT1/ptm/bx/n' in size <10> not available
(Font)              Font shape `OT1/ptm/b/n' tried instead on input line 52.
LaTeX Font Info:    Font shape `OT1/ptm/bx/it' in size <10> not available
(Font)              Font shape `OT1/ptm/b/it' tried instead on input line 56.
<figures/raman_sim_3_encode_layer_1_finetune_13.png, id=1, 578.16pt x 578.16pt>

File: figures/raman_sim_3_encode_layer_1_finetune_13.png Graphic file (type png
)
<use figures/raman_sim_3_encode_layer_1_finetune_13.png>
Package pdftex.def Info: figures/raman_sim_3_encode_layer_1_finetune_13.png  us
ed on input line 101. on input line 101.
Package pdftex.def Info: Requested size: 253.22952pt x 253.22668pt on input lin
e 101.

Overfull \hbox (8.53583pt too wide) in paragraph at lines 101--102
[][] 
 []

<figures/raman_sim_3_encode_layer_2_finetune_13.png, id=3, 867.24pt x 867.24pt>

File: figures/raman_sim_3_encode_layer_2_finetune_13.png Graphic file (type png
)
<use figures/raman_sim_3_encode_layer_2_finetune_13.png>
Package pdftex.def Info: figures/raman_sim_3_encode_layer_2_finetune_13.png  us
ed on input line 106. on input line 106.
Package pdftex.def Info: Requested size: 116.48341pt x 116.47685pt on input lin
e 106.
<figures/raman_sim_3_encode_layer_3_finetune_13.png, id=4, 867.24pt x 867.24pt>

File: figures/raman_sim_3_encode_layer_3_finetune_13.png Graphic file (type png
)
<use figures/raman_sim_3_encode_layer_3_finetune_13.png>
Package pdftex.def Info: figures/raman_sim_3_encode_layer_3_finetune_13.png  us
ed on input line 107. on input line 107.
Package pdftex.def Info: Requested size: 116.48341pt x 116.47685pt on input lin
e 107.
<figures/prop_substance_1_im.png, id=5, 867.24pt x 867.24pt>
File: figures/prop_substance_1_im.png Graphic file (type png)
<use figures/prop_substance_1_im.png>
Package pdftex.def Info: figures/prop_substance_1_im.png  used on input line 11
2. on input line 112.
Package pdftex.def Info: Requested size: 73.40884pt x 73.40344pt on input line 
112.
<figures/prop_substance_2_im.png, id=6, 867.24pt x 867.24pt>
File: figures/prop_substance_2_im.png Graphic file (type png)
<use figures/prop_substance_2_im.png>
Package pdftex.def Info: figures/prop_substance_2_im.png  used on input line 11
3. on input line 113.
Package pdftex.def Info: Requested size: 73.40884pt x 73.40344pt on input line 
113.
<figures/prop_substance_3_im.png, id=7, 867.24pt x 867.24pt>
File: figures/prop_substance_3_im.png Graphic file (type png)
<use figures/prop_substance_3_im.png>
Package pdftex.def Info: figures/prop_substance_3_im.png  used on input line 11
4. on input line 114.
Package pdftex.def Info: Requested size: 73.40884pt x 73.40344pt on input line 
114.
<figures/sigmoid_1_im.png, id=8, 867.24pt x 867.24pt>
File: figures/sigmoid_1_im.png Graphic file (type png)
<use figures/sigmoid_1_im.png>
Package pdftex.def Info: figures/sigmoid_1_im.png  used on input line 120. on i
nput line 120.
Package pdftex.def Info: Requested size: 73.40884pt x 73.40344pt on input line 
120.
<figures/sigmoid_2_im.png, id=9, 867.24pt x 867.24pt>
File: figures/sigmoid_2_im.png Graphic file (type png)
<use figures/sigmoid_2_im.png>
Package pdftex.def Info: figures/sigmoid_2_im.png  used on input line 121. on i
nput line 121.
Package pdftex.def Info: Requested size: 73.40884pt x 73.40344pt on input line 
121.
<figures/sigmoid_3_im.png, id=10, 867.24pt x 867.24pt>
File: figures/sigmoid_3_im.png Graphic file (type png)
<use figures/sigmoid_3_im.png>
Package pdftex.def Info: figures/sigmoid_3_im.png  used on input line 122. on i
nput line 122.
Package pdftex.def Info: Requested size: 73.40884pt x 73.40344pt on input line 
122.
<figures/raman_sim_3_conf_matrix13.png, id=11, 867.24pt x 433.62pt>
File: figures/raman_sim_3_conf_matrix13.png Graphic file (type png)
<use figures/raman_sim_3_conf_matrix13.png>
Package pdftex.def Info: figures/raman_sim_3_conf_matrix13.png  used on input l
ine 132. on input line 132.
Package pdftex.def Info: Requested size: 253.22952pt x 126.61334pt on input lin
e 132.

Overfull \hbox (8.53583pt too wide) in paragraph at lines 132--133
[][] 
 []

<figures/DNN_pred_conc_prob.png, id=12, 578.16pt x 578.16pt>
File: figures/DNN_pred_conc_prob.png Graphic file (type png)
<use figures/DNN_pred_conc_prob.png>
Package pdftex.def Info: figures/DNN_pred_conc_prob.png  used on input line 141
. on input line 141.
Package pdftex.def Info: Requested size: 116.48341pt x 116.47685pt on input lin
e 141.
<figures/nmf_pred_conc.png, id=13, 578.16pt x 578.16pt>
File: figures/nmf_pred_conc.png Graphic file (type png)
<use figures/nmf_pred_conc.png>
Package pdftex.def Info: figures/nmf_pred_conc.png  used on input line 142. on 
input line 142.
Package pdftex.def Info: Requested size: 116.48341pt x 116.47685pt on input lin
e 142.

Underfull \hbox (badness 10000) has occurred while \output is active
[]
 []


Overfull \vbox (5.4559pt too high) has occurred while \output is active []


Underfull \hbox (badness 10000) has occurred while \output is active
[]
 []

[1{/var/lib/texmf/fonts/map/pdftex/updmap/pdftex.map}



 <./figures/raman_sim_3_encode_layer_1_finetune_13.png> <./figures/raman_sim_3_
encode_layer_2_finetune_13.png> <./figures/raman_sim_3_encode_layer_3_finetune_
13.png> <./figures/prop_substance_1_im.png> <./figures/prop_substance_2_im.png>
 <./figures/prop_substance_3_im.png>] (./main.bbl) [2 <./figures/sigmoid_1_im.p
ng> <./figures/sigmoid_2_im.png> <./figures/sigmoid_3_im.png> <./figures/raman_
sim_3_conf_matrix13.png> <./figures/DNN_pred_conc_prob.png> <./figures/nmf_pred
_conc.png>] (./main.aux) ) 
Here is how much of TeX's memory you used:
 2195 strings out of 492990
 30812 string characters out of 6135004
 91123 words of memory out of 5000000
 5711 multiletter control sequences out of 15000+600000
 20788 words of font info for 44 fonts, out of 8000000 for 9000
 1141 hyphenation exceptions out of 8191
 41i,10n,25p,362b,247s stack positions out of 5000i,500n,10000p,200000b,80000s
{/usr/share/texlive/texmf-dist/fonts/enc/dvips/base/8
r.enc}</usr/share/texlive/texmf-dist/fonts/type1/urw/times/utmb8a.pfb></usr/sha
re/texlive/texmf-dist/fonts/type1/urw/times/utmbi8a.pfb></usr/share/texlive/tex
mf-dist/fonts/type1/urw/times/utmr8a.pfb></usr/share/texlive/texmf-dist/fonts/t
ype1/urw/times/utmri8a.pfb>
Output written on main.pdf (2 pages, 492392 bytes).
PDF statistics:
 53 PDF objects out of 1000 (max. 8388607)
 20 compressed objects within 1 object stream
 0 named destinations out of 1000 (max. 500000)
 61 words of extra memory for PDF output out of 10000 (max. 10000000)

